/*C8*/SET SCHEMA PUBLIC
DISCONNECT
/*C11*/SET SCHEMA PUBLIC
DISCONNECT
/*C10*/SET SCHEMA PUBLIC
DISCONNECT
/*C12*/SET SCHEMA PUBLIC
DELETE FROM HELICOPTER WHERE ID='17e1963f-752a-460b-9732-85657351ebb6'
COMMIT
/*C13*/SET SCHEMA PUBLIC
DISCONNECT
/*C15*/SET SCHEMA PUBLIC
DISCONNECT
/*C14*/SET SCHEMA PUBLIC
DISCONNECT
/*C12*/DELETE FROM HELICOPTER WHERE ID='29f296c5-3ab7-486f-b19d-7423be182e45'
DELETE FROM HELICOPTER WHERE ID='2a2e23c9-4dd1-432c-a695-499d79a1f7b6'
DELETE FROM HELICOPTER WHERE ID='2c650cc4-bdb9-4db9-ab6b-21dc434d3a16'
DELETE FROM HELICOPTER WHERE ID='40d5b18c-feae-45f6-9306-bf4d46cf8f4f'
DELETE FROM HELICOPTER WHERE ID='50c403d7-7e89-4a15-8aa0-69d2b3e4d9ff'
DELETE FROM HELICOPTER WHERE ID='54c22962-3a6f-46e2-95c5-547fc9669158'
DELETE FROM HELICOPTER WHERE ID='578eca86-e626-4b7e-a543-b28bdb8ba33c'
DELETE FROM HELICOPTER WHERE ID='6480b6ab-20ea-495b-b79d-6a0b7f591f23'
DELETE FROM PILOT WHERE ID='4950f5df-837b-49c6-9b68-b5a75c3957be'
COMMIT
/*C16*/SET SCHEMA PUBLIC
DISCONNECT
/*C12*/DELETE FROM HELICOPTER WHERE ID='80e593a7-948a-42d3-b265-cc7027b2267d'
DELETE FROM HELICOPTER WHERE ID='9371841c-d1e8-49c9-b2be-bd639ff53f69'
DELETE FROM HELICOPTER WHERE ID='9b0f905a-1909-4725-b938-c674e92b016d'
DELETE FROM HELICOPTER WHERE ID='adaf7635-b6a5-4e40-b4cc-deb421dadf1d'
DELETE FROM HELICOPTER WHERE ID='b0b48c31-ddb4-43bf-adec-b072f5218382'
DELETE FROM HELICOPTER WHERE ID='b1ca6e23-03cf-412b-9dd3-902b536d79ff'
DELETE FROM HELICOPTER WHERE ID='c1de6975-ccc2-4733-a73a-1d2ba46e2a3f'
DELETE FROM HELICOPTER WHERE ID='cc43d722-d4bb-465b-ac8e-4c9d6bb6ecdd'
DELETE FROM HELICOPTER WHERE ID='d4b86454-cd36-46ec-af0f-25ce099f16ef'
DELETE FROM HELICOPTER WHERE ID='d65ba8c5-9f16-460f-86dc-f2454472ac6b'
DELETE FROM HELICOPTER WHERE ID='e901320e-03be-423d-b3cd-acbb5e7c71b1'
DELETE FROM HELICOPTER WHERE ID='eefdacc6-7c45-450f-ac9a-52778c79b352'
DELETE FROM HELICOPTER WHERE ID='f5ecd22c-b3cd-408e-be61-0042732edacb'
DELETE FROM HELICOPTER WHERE ID='f7d526e5-1c9d-4f1b-9669-882dd154f4f9'
COMMIT
/*C17*/SET SCHEMA PUBLIC
DISCONNECT
/*C9*/SET SCHEMA PUBLIC
ALTER TABLE Pilot DROP COLUMN HelicopterID
/*C18*/SET SCHEMA PUBLIC
DISCONNECT
/*C19*/SET SCHEMA PUBLIC
DISCONNECT
/*C20*/SET SCHEMA PUBLIC
DISCONNECT
/*C21*/SET SCHEMA PUBLIC
DISCONNECT
/*C22*/SET SCHEMA PUBLIC
DISCONNECT
/*C23*/SET SCHEMA PUBLIC
DISCONNECT
/*C24*/SET SCHEMA PUBLIC
DISCONNECT
/*C25*/SET SCHEMA PUBLIC
DISCONNECT
/*C26*/SET SCHEMA PUBLIC
DISCONNECT
/*C27*/SET SCHEMA PUBLIC
DISCONNECT
/*C9*/ALTER TABLE Helicopter ADD PilotId CHAR(36)
/*C28*/SET SCHEMA PUBLIC
DISCONNECT
/*C29*/SET SCHEMA PUBLIC
DISCONNECT
/*C30*/SET SCHEMA PUBLIC
DISCONNECT
/*C31*/SET SCHEMA PUBLIC
DISCONNECT
/*C32*/SET SCHEMA PUBLIC
DISCONNECT
/*C33*/SET SCHEMA PUBLIC
DISCONNECT
/*C34*/SET SCHEMA PUBLIC
DISCONNECT
/*C35*/SET SCHEMA PUBLIC
DISCONNECT
/*C36*/SET SCHEMA PUBLIC
DISCONNECT
/*C37*/SET SCHEMA PUBLIC
DISCONNECT
/*C9*/ALTER TABLE Helicopter ADD FOREIGN KEY (PilotId) REFERENCES Pilot(Id)
/*C38*/SET SCHEMA PUBLIC
DISCONNECT
/*C39*/SET SCHEMA PUBLIC
DISCONNECT
/*C40*/SET SCHEMA PUBLIC
DISCONNECT
/*C41*/SET SCHEMA PUBLIC
DISCONNECT
/*C42*/SET SCHEMA PUBLIC
DISCONNECT
/*C43*/SET SCHEMA PUBLIC
DISCONNECT
/*C44*/SET SCHEMA PUBLIC
DISCONNECT
/*C45*/SET SCHEMA PUBLIC
DISCONNECT
/*C46*/SET SCHEMA PUBLIC
DISCONNECT
/*C47*/SET SCHEMA PUBLIC
DISCONNECT
/*C48*/SET SCHEMA PUBLIC
INSERT INTO PILOT VALUES('3a4bfe7a-6440-4f3e-a5ce-dfb78ca3f973','Adam',1,5)
COMMIT
DISCONNECT
/*C49*/SET SCHEMA PUBLIC
DISCONNECT
/*C50*/SET SCHEMA PUBLIC
DISCONNECT
/*C51*/SET SCHEMA PUBLIC
DISCONNECT
/*C52*/SET SCHEMA PUBLIC
DISCONNECT
/*C54*/SET SCHEMA PUBLIC
DISCONNECT
/*C53*/SET SCHEMA PUBLIC
DISCONNECT
/*C56*/SET SCHEMA PUBLIC
DISCONNECT
/*C55*/SET SCHEMA PUBLIC
DISCONNECT
/*C57*/SET SCHEMA PUBLIC
DISCONNECT
/*C58*/SET SCHEMA PUBLIC
DISCONNECT
/*C60*/SET SCHEMA PUBLIC
DISCONNECT
/*C61*/SET SCHEMA PUBLIC
DISCONNECT
/*C63*/SET SCHEMA PUBLIC
DISCONNECT
/*C62*/SET SCHEMA PUBLIC
DISCONNECT
/*C65*/SET SCHEMA PUBLIC
DISCONNECT
/*C64*/SET SCHEMA PUBLIC
DISCONNECT
/*C66*/SET SCHEMA PUBLIC
DISCONNECT
/*C67*/SET SCHEMA PUBLIC
DISCONNECT
/*C68*/SET SCHEMA PUBLIC
DISCONNECT
/*C69*/SET SCHEMA PUBLIC
DISCONNECT
/*C70*/SET SCHEMA PUBLIC
INSERT INTO HELICOPTER VALUES('6c98ab2b-e3c2-425c-98df-b835fc2c9585','Breeze','Apache',3,NULL)
COMMIT
DISCONNECT
/*C71*/SET SCHEMA PUBLIC
DELETE FROM HELICOPTER WHERE ID='6c98ab2b-e3c2-425c-98df-b835fc2c9585'
INSERT INTO HELICOPTER VALUES('6c98ab2b-e3c2-425c-98df-b835fc2c9585','Breeze','Apache',3,'3a4bfe7a-6440-4f3e-a5ce-dfb78ca3f973')
COMMIT
DISCONNECT
/*C72*/SET SCHEMA PUBLIC
INSERT INTO PILOT VALUES('d6db237f-4d40-4bbc-b967-7e365dd5fe42','Adam',1,5)
COMMIT
DISCONNECT
/*C73*/SET SCHEMA PUBLIC
DISCONNECT
/*C74*/SET SCHEMA PUBLIC
DISCONNECT
/*C75*/SET SCHEMA PUBLIC
DISCONNECT
/*C76*/SET SCHEMA PUBLIC
DISCONNECT
/*C77*/SET SCHEMA PUBLIC
DISCONNECT
/*C78*/SET SCHEMA PUBLIC
DISCONNECT
/*C79*/SET SCHEMA PUBLIC
DISCONNECT
/*C80*/SET SCHEMA PUBLIC
DISCONNECT
/*C81*/SET SCHEMA PUBLIC
DISCONNECT
/*C82*/SET SCHEMA PUBLIC
DISCONNECT
/*C83*/SET SCHEMA PUBLIC
INSERT INTO HELICOPTER VALUES('3ed96971-3635-4b92-9420-a5fefeb4a51b','Breeze','Apache',3,NULL)
COMMIT
DISCONNECT
/*C84*/SET SCHEMA PUBLIC
DELETE FROM HELICOPTER WHERE ID='3ed96971-3635-4b92-9420-a5fefeb4a51b'
DELETE FROM HELICOPTER WHERE ID='6c98ab2b-e3c2-425c-98df-b835fc2c9585'
INSERT INTO HELICOPTER VALUES('3ed96971-3635-4b92-9420-a5fefeb4a51b','Breeze','Apache',3,'3a4bfe7a-6440-4f3e-a5ce-dfb78ca3f973')
INSERT INTO HELICOPTER VALUES('6c98ab2b-e3c2-425c-98df-b835fc2c9585','Breeze','Apache',3,'3a4bfe7a-6440-4f3e-a5ce-dfb78ca3f973')
COMMIT
DISCONNECT
/*C85*/SET SCHEMA PUBLIC
INSERT INTO HELICOPTER VALUES('e97fd836-e11d-40d7-a989-50b091005bba','Thunder','Non-Apache',5,NULL)
COMMIT
DISCONNECT
/*C86*/SET SCHEMA PUBLIC
INSERT INTO PILOT VALUES('b31c3812-abfa-402e-b481-cfdbe11073c7','Adam',1,5)
COMMIT
DISCONNECT
/*C87*/SET SCHEMA PUBLIC
DISCONNECT
/*C88*/SET SCHEMA PUBLIC
DISCONNECT
/*C90*/SET SCHEMA PUBLIC
DISCONNECT
/*C89*/SET SCHEMA PUBLIC
DISCONNECT
/*C91*/SET SCHEMA PUBLIC
DISCONNECT
/*C92*/SET SCHEMA PUBLIC
DISCONNECT
/*C93*/SET SCHEMA PUBLIC
DISCONNECT
/*C94*/SET SCHEMA PUBLIC
DISCONNECT
/*C95*/SET SCHEMA PUBLIC
DISCONNECT
/*C96*/SET SCHEMA PUBLIC
DISCONNECT
/*C97*/SET SCHEMA PUBLIC
INSERT INTO HELICOPTER VALUES('3bbbaf31-03a4-4d94-83c0-862af238cae5','Breeze','Apache',3,NULL)
COMMIT
DISCONNECT
/*C98*/SET SCHEMA PUBLIC
DELETE FROM HELICOPTER WHERE ID='3bbbaf31-03a4-4d94-83c0-862af238cae5'
DELETE FROM HELICOPTER WHERE ID='3ed96971-3635-4b92-9420-a5fefeb4a51b'
DELETE FROM HELICOPTER WHERE ID='6c98ab2b-e3c2-425c-98df-b835fc2c9585'
DELETE FROM HELICOPTER WHERE ID='e97fd836-e11d-40d7-a989-50b091005bba'
INSERT INTO HELICOPTER VALUES('3bbbaf31-03a4-4d94-83c0-862af238cae5','Breeze','Apache',3,'3a4bfe7a-6440-4f3e-a5ce-dfb78ca3f973')
INSERT INTO HELICOPTER VALUES('3ed96971-3635-4b92-9420-a5fefeb4a51b','Breeze','Apache',3,'3a4bfe7a-6440-4f3e-a5ce-dfb78ca3f973')
INSERT INTO HELICOPTER VALUES('6c98ab2b-e3c2-425c-98df-b835fc2c9585','Breeze','Apache',3,'3a4bfe7a-6440-4f3e-a5ce-dfb78ca3f973')
INSERT INTO HELICOPTER VALUES('e97fd836-e11d-40d7-a989-50b091005bba','Thunder','Non-Apache',5,'3a4bfe7a-6440-4f3e-a5ce-dfb78ca3f973')
COMMIT
DISCONNECT
/*C99*/SET SCHEMA PUBLIC
INSERT INTO HELICOPTER VALUES('708c4f51-4b27-4c74-b1bc-039ae5772508','Thunder','Non-Apache',5,NULL)
COMMIT
DISCONNECT
/*C100*/SET SCHEMA PUBLIC
DELETE FROM HELICOPTER WHERE ID='3bbbaf31-03a4-4d94-83c0-862af238cae5'
DELETE FROM HELICOPTER WHERE ID='3ed96971-3635-4b92-9420-a5fefeb4a51b'
DELETE FROM HELICOPTER WHERE ID='6c98ab2b-e3c2-425c-98df-b835fc2c9585'
DELETE FROM HELICOPTER WHERE ID='708c4f51-4b27-4c74-b1bc-039ae5772508'
DELETE FROM HELICOPTER WHERE ID='e97fd836-e11d-40d7-a989-50b091005bba'
INSERT INTO HELICOPTER VALUES('3bbbaf31-03a4-4d94-83c0-862af238cae5','Breeze','Apache',3,'3a4bfe7a-6440-4f3e-a5ce-dfb78ca3f973')
INSERT INTO HELICOPTER VALUES('3ed96971-3635-4b92-9420-a5fefeb4a51b','Breeze','Apache',3,'3a4bfe7a-6440-4f3e-a5ce-dfb78ca3f973')
INSERT INTO HELICOPTER VALUES('6c98ab2b-e3c2-425c-98df-b835fc2c9585','Breeze','Apache',3,'3a4bfe7a-6440-4f3e-a5ce-dfb78ca3f973')
INSERT INTO HELICOPTER VALUES('708c4f51-4b27-4c74-b1bc-039ae5772508','Thunder','Non-Apache',5,'3a4bfe7a-6440-4f3e-a5ce-dfb78ca3f973')
INSERT INTO HELICOPTER VALUES('e97fd836-e11d-40d7-a989-50b091005bba','Thunder','Non-Apache',5,'3a4bfe7a-6440-4f3e-a5ce-dfb78ca3f973')
COMMIT
DISCONNECT
/*C101*/SET SCHEMA PUBLIC
INSERT INTO PILOT VALUES('3ac72245-5eef-44bb-a370-7be4ce98d950','Adam',1,5)
COMMIT
DISCONNECT
/*C102*/SET SCHEMA PUBLIC
DISCONNECT
/*C103*/SET SCHEMA PUBLIC
DISCONNECT
/*C104*/SET SCHEMA PUBLIC
DISCONNECT
/*C105*/SET SCHEMA PUBLIC
DISCONNECT
/*C106*/SET SCHEMA PUBLIC
DISCONNECT
/*C107*/SET SCHEMA PUBLIC
DISCONNECT
/*C108*/SET SCHEMA PUBLIC
DISCONNECT
/*C109*/SET SCHEMA PUBLIC
DISCONNECT
/*C110*/SET SCHEMA PUBLIC
DISCONNECT
/*C111*/SET SCHEMA PUBLIC
DISCONNECT
/*C112*/SET SCHEMA PUBLIC
INSERT INTO PILOT VALUES('20916c12-d47f-4c58-a697-480e34876f4a','Harvey',1,10)
COMMIT
DISCONNECT
/*C113*/SET SCHEMA PUBLIC
INSERT INTO HELICOPTER VALUES('8e8c5a28-329b-40a5-a01d-95eef0bddb7f','Banger','Apache',3,NULL)
COMMIT
DISCONNECT
/*C114*/SET SCHEMA PUBLIC
DELETE FROM HELICOPTER WHERE ID='3bbbaf31-03a4-4d94-83c0-862af238cae5'
DELETE FROM HELICOPTER WHERE ID='3ed96971-3635-4b92-9420-a5fefeb4a51b'
DELETE FROM HELICOPTER WHERE ID='6c98ab2b-e3c2-425c-98df-b835fc2c9585'
DELETE FROM HELICOPTER WHERE ID='708c4f51-4b27-4c74-b1bc-039ae5772508'
DELETE FROM HELICOPTER WHERE ID='8e8c5a28-329b-40a5-a01d-95eef0bddb7f'
DELETE FROM HELICOPTER WHERE ID='e97fd836-e11d-40d7-a989-50b091005bba'
INSERT INTO HELICOPTER VALUES('3bbbaf31-03a4-4d94-83c0-862af238cae5','Breeze','Apache',3,'20916c12-d47f-4c58-a697-480e34876f4a')
INSERT INTO HELICOPTER VALUES('3ed96971-3635-4b92-9420-a5fefeb4a51b','Breeze','Apache',3,'20916c12-d47f-4c58-a697-480e34876f4a')
INSERT INTO HELICOPTER VALUES('6c98ab2b-e3c2-425c-98df-b835fc2c9585','Breeze','Apache',3,'20916c12-d47f-4c58-a697-480e34876f4a')
INSERT INTO HELICOPTER VALUES('708c4f51-4b27-4c74-b1bc-039ae5772508','Thunder','Non-Apache',5,'20916c12-d47f-4c58-a697-480e34876f4a')
INSERT INTO HELICOPTER VALUES('8e8c5a28-329b-40a5-a01d-95eef0bddb7f','Banger','Apache',3,'20916c12-d47f-4c58-a697-480e34876f4a')
INSERT INTO HELICOPTER VALUES('e97fd836-e11d-40d7-a989-50b091005bba','Thunder','Non-Apache',5,'20916c12-d47f-4c58-a697-480e34876f4a')
COMMIT
DISCONNECT
/*C115*/SET SCHEMA PUBLIC
INSERT INTO HELICOPTER VALUES('125a206e-7cf1-4d98-8253-4ec3dcd126c6','Clanger','Non-Apache',5,NULL)
COMMIT
DISCONNECT
/*C116*/SET SCHEMA PUBLIC
DELETE FROM HELICOPTER WHERE ID='125a206e-7cf1-4d98-8253-4ec3dcd126c6'
DELETE FROM HELICOPTER WHERE ID='3bbbaf31-03a4-4d94-83c0-862af238cae5'
DELETE FROM HELICOPTER WHERE ID='3ed96971-3635-4b92-9420-a5fefeb4a51b'
DELETE FROM HELICOPTER WHERE ID='6c98ab2b-e3c2-425c-98df-b835fc2c9585'
DELETE FROM HELICOPTER WHERE ID='708c4f51-4b27-4c74-b1bc-039ae5772508'
DELETE FROM HELICOPTER WHERE ID='8e8c5a28-329b-40a5-a01d-95eef0bddb7f'
DELETE FROM HELICOPTER WHERE ID='e97fd836-e11d-40d7-a989-50b091005bba'
INSERT INTO HELICOPTER VALUES('125a206e-7cf1-4d98-8253-4ec3dcd126c6','Clanger','Non-Apache',5,'20916c12-d47f-4c58-a697-480e34876f4a')
INSERT INTO HELICOPTER VALUES('3bbbaf31-03a4-4d94-83c0-862af238cae5','Breeze','Apache',3,'20916c12-d47f-4c58-a697-480e34876f4a')
INSERT INTO HELICOPTER VALUES('3ed96971-3635-4b92-9420-a5fefeb4a51b','Breeze','Apache',3,'20916c12-d47f-4c58-a697-480e34876f4a')
INSERT INTO HELICOPTER VALUES('6c98ab2b-e3c2-425c-98df-b835fc2c9585','Breeze','Apache',3,'20916c12-d47f-4c58-a697-480e34876f4a')
INSERT INTO HELICOPTER VALUES('708c4f51-4b27-4c74-b1bc-039ae5772508','Thunder','Non-Apache',5,'20916c12-d47f-4c58-a697-480e34876f4a')
INSERT INTO HELICOPTER VALUES('8e8c5a28-329b-40a5-a01d-95eef0bddb7f','Banger','Apache',3,'20916c12-d47f-4c58-a697-480e34876f4a')
INSERT INTO HELICOPTER VALUES('e97fd836-e11d-40d7-a989-50b091005bba','Thunder','Non-Apache',5,'20916c12-d47f-4c58-a697-480e34876f4a')
COMMIT
DISCONNECT
/*C117*/SET SCHEMA PUBLIC
INSERT INTO HELICOPTER VALUES('3365c380-8da8-4afe-b4c5-aff0f534532c','Breeze','Apache',3,NULL)
COMMIT
DISCONNECT
/*C118*/SET SCHEMA PUBLIC
DELETE FROM HELICOPTER WHERE ID='125a206e-7cf1-4d98-8253-4ec3dcd126c6'
DELETE FROM HELICOPTER WHERE ID='3365c380-8da8-4afe-b4c5-aff0f534532c'
DELETE FROM HELICOPTER WHERE ID='3bbbaf31-03a4-4d94-83c0-862af238cae5'
DELETE FROM HELICOPTER WHERE ID='3ed96971-3635-4b92-9420-a5fefeb4a51b'
DELETE FROM HELICOPTER WHERE ID='6c98ab2b-e3c2-425c-98df-b835fc2c9585'
DELETE FROM HELICOPTER WHERE ID='708c4f51-4b27-4c74-b1bc-039ae5772508'
DELETE FROM HELICOPTER WHERE ID='8e8c5a28-329b-40a5-a01d-95eef0bddb7f'
DELETE FROM HELICOPTER WHERE ID='e97fd836-e11d-40d7-a989-50b091005bba'
INSERT INTO HELICOPTER VALUES('125a206e-7cf1-4d98-8253-4ec3dcd126c6','Clanger','Non-Apache',5,'3a4bfe7a-6440-4f3e-a5ce-dfb78ca3f973')
INSERT INTO HELICOPTER VALUES('3365c380-8da8-4afe-b4c5-aff0f534532c','Breeze','Apache',3,'3a4bfe7a-6440-4f3e-a5ce-dfb78ca3f973')
INSERT INTO HELICOPTER VALUES('3bbbaf31-03a4-4d94-83c0-862af238cae5','Breeze','Apache',3,'3a4bfe7a-6440-4f3e-a5ce-dfb78ca3f973')
INSERT INTO HELICOPTER VALUES('3ed96971-3635-4b92-9420-a5fefeb4a51b','Breeze','Apache',3,'3a4bfe7a-6440-4f3e-a5ce-dfb78ca3f973')
INSERT INTO HELICOPTER VALUES('6c98ab2b-e3c2-425c-98df-b835fc2c9585','Breeze','Apache',3,'3a4bfe7a-6440-4f3e-a5ce-dfb78ca3f973')
INSERT INTO HELICOPTER VALUES('708c4f51-4b27-4c74-b1bc-039ae5772508','Thunder','Non-Apache',5,'3a4bfe7a-6440-4f3e-a5ce-dfb78ca3f973')
INSERT INTO HELICOPTER VALUES('8e8c5a28-329b-40a5-a01d-95eef0bddb7f','Banger','Apache',3,'3a4bfe7a-6440-4f3e-a5ce-dfb78ca3f973')
INSERT INTO HELICOPTER VALUES('e97fd836-e11d-40d7-a989-50b091005bba','Thunder','Non-Apache',5,'3a4bfe7a-6440-4f3e-a5ce-dfb78ca3f973')
COMMIT
DISCONNECT
/*C119*/SET SCHEMA PUBLIC
INSERT INTO HELICOPTER VALUES('31027c66-43b9-48b5-9826-5c97148cc72a','Thunder','Non-Apache',5,NULL)
COMMIT
DISCONNECT
/*C120*/SET SCHEMA PUBLIC
DELETE FROM HELICOPTER WHERE ID='125a206e-7cf1-4d98-8253-4ec3dcd126c6'
DELETE FROM HELICOPTER WHERE ID='31027c66-43b9-48b5-9826-5c97148cc72a'
DELETE FROM HELICOPTER WHERE ID='3365c380-8da8-4afe-b4c5-aff0f534532c'
DELETE FROM HELICOPTER WHERE ID='3bbbaf31-03a4-4d94-83c0-862af238cae5'
DELETE FROM HELICOPTER WHERE ID='3ed96971-3635-4b92-9420-a5fefeb4a51b'
DELETE FROM HELICOPTER WHERE ID='6c98ab2b-e3c2-425c-98df-b835fc2c9585'
DELETE FROM HELICOPTER WHERE ID='708c4f51-4b27-4c74-b1bc-039ae5772508'
DELETE FROM HELICOPTER WHERE ID='8e8c5a28-329b-40a5-a01d-95eef0bddb7f'
DELETE FROM HELICOPTER WHERE ID='e97fd836-e11d-40d7-a989-50b091005bba'
INSERT INTO HELICOPTER VALUES('125a206e-7cf1-4d98-8253-4ec3dcd126c6','Clanger','Non-Apache',5,'3a4bfe7a-6440-4f3e-a5ce-dfb78ca3f973')
INSERT INTO HELICOPTER VALUES('31027c66-43b9-48b5-9826-5c97148cc72a','Thunder','Non-Apache',5,'3a4bfe7a-6440-4f3e-a5ce-dfb78ca3f973')
INSERT INTO HELICOPTER VALUES('3365c380-8da8-4afe-b4c5-aff0f534532c','Breeze','Apache',3,'3a4bfe7a-6440-4f3e-a5ce-dfb78ca3f973')
INSERT INTO HELICOPTER VALUES('3bbbaf31-03a4-4d94-83c0-862af238cae5','Breeze','Apache',3,'3a4bfe7a-6440-4f3e-a5ce-dfb78ca3f973')
INSERT INTO HELICOPTER VALUES('3ed96971-3635-4b92-9420-a5fefeb4a51b','Breeze','Apache',3,'3a4bfe7a-6440-4f3e-a5ce-dfb78ca3f973')
INSERT INTO HELICOPTER VALUES('6c98ab2b-e3c2-425c-98df-b835fc2c9585','Breeze','Apache',3,'3a4bfe7a-6440-4f3e-a5ce-dfb78ca3f973')
INSERT INTO HELICOPTER VALUES('708c4f51-4b27-4c74-b1bc-039ae5772508','Thunder','Non-Apache',5,'3a4bfe7a-6440-4f3e-a5ce-dfb78ca3f973')
INSERT INTO HELICOPTER VALUES('8e8c5a28-329b-40a5-a01d-95eef0bddb7f','Banger','Apache',3,'3a4bfe7a-6440-4f3e-a5ce-dfb78ca3f973')
INSERT INTO HELICOPTER VALUES('e97fd836-e11d-40d7-a989-50b091005bba','Thunder','Non-Apache',5,'3a4bfe7a-6440-4f3e-a5ce-dfb78ca3f973')
COMMIT
DISCONNECT
/*C121*/SET SCHEMA PUBLIC
INSERT INTO PILOT VALUES('3f3b26f1-d381-428f-affd-44e965f5c615','Adam',10,1)
COMMIT
DISCONNECT
/*C122*/SET SCHEMA PUBLIC
DISCONNECT
/*C123*/SET SCHEMA PUBLIC
DISCONNECT
/*C124*/SET SCHEMA PUBLIC
DISCONNECT
/*C125*/SET SCHEMA PUBLIC
DISCONNECT
/*C126*/SET SCHEMA PUBLIC
DISCONNECT
/*C127*/SET SCHEMA PUBLIC
DISCONNECT
/*C129*/SET SCHEMA PUBLIC
DISCONNECT
/*C128*/SET SCHEMA PUBLIC
DISCONNECT
/*C130*/SET SCHEMA PUBLIC
DISCONNECT
/*C131*/SET SCHEMA PUBLIC
DISCONNECT
/*C132*/SET SCHEMA PUBLIC
INSERT INTO PILOT VALUES('d236172e-99a5-49a8-be32-9ded5fb74e13','Harvey',1,10)
COMMIT
DISCONNECT
/*C133*/SET SCHEMA PUBLIC
INSERT INTO HELICOPTER VALUES('04f5d89a-adf0-4aec-b999-16e2b1c048b4','Banger','Apache',3,NULL)
COMMIT
DISCONNECT
/*C134*/SET SCHEMA PUBLIC
DELETE FROM HELICOPTER WHERE ID='04f5d89a-adf0-4aec-b999-16e2b1c048b4'
DELETE FROM HELICOPTER WHERE ID='125a206e-7cf1-4d98-8253-4ec3dcd126c6'
DELETE FROM HELICOPTER WHERE ID='31027c66-43b9-48b5-9826-5c97148cc72a'
DELETE FROM HELICOPTER WHERE ID='3365c380-8da8-4afe-b4c5-aff0f534532c'
DELETE FROM HELICOPTER WHERE ID='3bbbaf31-03a4-4d94-83c0-862af238cae5'
DELETE FROM HELICOPTER WHERE ID='3ed96971-3635-4b92-9420-a5fefeb4a51b'
DELETE FROM HELICOPTER WHERE ID='6c98ab2b-e3c2-425c-98df-b835fc2c9585'
DELETE FROM HELICOPTER WHERE ID='708c4f51-4b27-4c74-b1bc-039ae5772508'
DELETE FROM HELICOPTER WHERE ID='8e8c5a28-329b-40a5-a01d-95eef0bddb7f'
DELETE FROM HELICOPTER WHERE ID='e97fd836-e11d-40d7-a989-50b091005bba'
INSERT INTO HELICOPTER VALUES('04f5d89a-adf0-4aec-b999-16e2b1c048b4','Banger','Apache',3,'d236172e-99a5-49a8-be32-9ded5fb74e13')
INSERT INTO HELICOPTER VALUES('125a206e-7cf1-4d98-8253-4ec3dcd126c6','Clanger','Non-Apache',5,'d236172e-99a5-49a8-be32-9ded5fb74e13')
INSERT INTO HELICOPTER VALUES('31027c66-43b9-48b5-9826-5c97148cc72a','Thunder','Non-Apache',5,'d236172e-99a5-49a8-be32-9ded5fb74e13')
INSERT INTO HELICOPTER VALUES('3365c380-8da8-4afe-b4c5-aff0f534532c','Breeze','Apache',3,'d236172e-99a5-49a8-be32-9ded5fb74e13')
INSERT INTO HELICOPTER VALUES('3bbbaf31-03a4-4d94-83c0-862af238cae5','Breeze','Apache',3,'d236172e-99a5-49a8-be32-9ded5fb74e13')
INSERT INTO HELICOPTER VALUES('3ed96971-3635-4b92-9420-a5fefeb4a51b','Breeze','Apache',3,'d236172e-99a5-49a8-be32-9ded5fb74e13')
INSERT INTO HELICOPTER VALUES('6c98ab2b-e3c2-425c-98df-b835fc2c9585','Breeze','Apache',3,'d236172e-99a5-49a8-be32-9ded5fb74e13')
INSERT INTO HELICOPTER VALUES('708c4f51-4b27-4c74-b1bc-039ae5772508','Thunder','Non-Apache',5,'d236172e-99a5-49a8-be32-9ded5fb74e13')
INSERT INTO HELICOPTER VALUES('8e8c5a28-329b-40a5-a01d-95eef0bddb7f','Banger','Apache',3,'d236172e-99a5-49a8-be32-9ded5fb74e13')
INSERT INTO HELICOPTER VALUES('e97fd836-e11d-40d7-a989-50b091005bba','Thunder','Non-Apache',5,'d236172e-99a5-49a8-be32-9ded5fb74e13')
COMMIT
DISCONNECT
/*C135*/SET SCHEMA PUBLIC
INSERT INTO HELICOPTER VALUES('70734eb2-7987-44f0-a75e-794d5946b8c9','Clanger','Non-Apache',5,NULL)
COMMIT
DISCONNECT
/*C136*/SET SCHEMA PUBLIC
DELETE FROM HELICOPTER WHERE ID='04f5d89a-adf0-4aec-b999-16e2b1c048b4'
DELETE FROM HELICOPTER WHERE ID='125a206e-7cf1-4d98-8253-4ec3dcd126c6'
DELETE FROM HELICOPTER WHERE ID='31027c66-43b9-48b5-9826-5c97148cc72a'
DELETE FROM HELICOPTER WHERE ID='3365c380-8da8-4afe-b4c5-aff0f534532c'
DELETE FROM HELICOPTER WHERE ID='3bbbaf31-03a4-4d94-83c0-862af238cae5'
DELETE FROM HELICOPTER WHERE ID='3ed96971-3635-4b92-9420-a5fefeb4a51b'
DELETE FROM HELICOPTER WHERE ID='6c98ab2b-e3c2-425c-98df-b835fc2c9585'
DELETE FROM HELICOPTER WHERE ID='70734eb2-7987-44f0-a75e-794d5946b8c9'
DELETE FROM HELICOPTER WHERE ID='708c4f51-4b27-4c74-b1bc-039ae5772508'
DELETE FROM HELICOPTER WHERE ID='8e8c5a28-329b-40a5-a01d-95eef0bddb7f'
DELETE FROM HELICOPTER WHERE ID='e97fd836-e11d-40d7-a989-50b091005bba'
INSERT INTO HELICOPTER VALUES('04f5d89a-adf0-4aec-b999-16e2b1c048b4','Banger','Apache',3,'d236172e-99a5-49a8-be32-9ded5fb74e13')
INSERT INTO HELICOPTER VALUES('125a206e-7cf1-4d98-8253-4ec3dcd126c6','Clanger','Non-Apache',5,'d236172e-99a5-49a8-be32-9ded5fb74e13')
INSERT INTO HELICOPTER VALUES('31027c66-43b9-48b5-9826-5c97148cc72a','Thunder','Non-Apache',5,'d236172e-99a5-49a8-be32-9ded5fb74e13')
INSERT INTO HELICOPTER VALUES('3365c380-8da8-4afe-b4c5-aff0f534532c','Breeze','Apache',3,'d236172e-99a5-49a8-be32-9ded5fb74e13')
INSERT INTO HELICOPTER VALUES('3bbbaf31-03a4-4d94-83c0-862af238cae5','Breeze','Apache',3,'d236172e-99a5-49a8-be32-9ded5fb74e13')
INSERT INTO HELICOPTER VALUES('3ed96971-3635-4b92-9420-a5fefeb4a51b','Breeze','Apache',3,'d236172e-99a5-49a8-be32-9ded5fb74e13')
INSERT INTO HELICOPTER VALUES('6c98ab2b-e3c2-425c-98df-b835fc2c9585','Breeze','Apache',3,'d236172e-99a5-49a8-be32-9ded5fb74e13')
INSERT INTO HELICOPTER VALUES('70734eb2-7987-44f0-a75e-794d5946b8c9','Clanger','Non-Apache',5,'d236172e-99a5-49a8-be32-9ded5fb74e13')
INSERT INTO HELICOPTER VALUES('708c4f51-4b27-4c74-b1bc-039ae5772508','Thunder','Non-Apache',5,'d236172e-99a5-49a8-be32-9ded5fb74e13')
INSERT INTO HELICOPTER VALUES('8e8c5a28-329b-40a5-a01d-95eef0bddb7f','Banger','Apache',3,'d236172e-99a5-49a8-be32-9ded5fb74e13')
INSERT INTO HELICOPTER VALUES('e97fd836-e11d-40d7-a989-50b091005bba','Thunder','Non-Apache',5,'d236172e-99a5-49a8-be32-9ded5fb74e13')
COMMIT
DISCONNECT
/*C137*/SET SCHEMA PUBLIC
INSERT INTO PILOT VALUES('e2d84ecb-5a85-433a-9bb2-2f52d61a5e00','Harvey',1,10)
COMMIT
DISCONNECT
/*C138*/SET SCHEMA PUBLIC
INSERT INTO HELICOPTER VALUES('a683d6cc-48cf-400b-8fc1-f54d5b061088','Banger','Apache',3,NULL)
COMMIT
DISCONNECT
/*C139*/SET SCHEMA PUBLIC
DELETE FROM HELICOPTER WHERE ID='04f5d89a-adf0-4aec-b999-16e2b1c048b4'
DELETE FROM HELICOPTER WHERE ID='125a206e-7cf1-4d98-8253-4ec3dcd126c6'
DELETE FROM HELICOPTER WHERE ID='31027c66-43b9-48b5-9826-5c97148cc72a'
DELETE FROM HELICOPTER WHERE ID='3365c380-8da8-4afe-b4c5-aff0f534532c'
DELETE FROM HELICOPTER WHERE ID='3bbbaf31-03a4-4d94-83c0-862af238cae5'
DELETE FROM HELICOPTER WHERE ID='3ed96971-3635-4b92-9420-a5fefeb4a51b'
DELETE FROM HELICOPTER WHERE ID='6c98ab2b-e3c2-425c-98df-b835fc2c9585'
DELETE FROM HELICOPTER WHERE ID='70734eb2-7987-44f0-a75e-794d5946b8c9'
DELETE FROM HELICOPTER WHERE ID='708c4f51-4b27-4c74-b1bc-039ae5772508'
DELETE FROM HELICOPTER WHERE ID='8e8c5a28-329b-40a5-a01d-95eef0bddb7f'
DELETE FROM HELICOPTER WHERE ID='a683d6cc-48cf-400b-8fc1-f54d5b061088'
DELETE FROM HELICOPTER WHERE ID='e97fd836-e11d-40d7-a989-50b091005bba'
INSERT INTO HELICOPTER VALUES('04f5d89a-adf0-4aec-b999-16e2b1c048b4','Banger','Apache',3,'e2d84ecb-5a85-433a-9bb2-2f52d61a5e00')
INSERT INTO HELICOPTER VALUES('125a206e-7cf1-4d98-8253-4ec3dcd126c6','Clanger','Non-Apache',5,'e2d84ecb-5a85-433a-9bb2-2f52d61a5e00')
INSERT INTO HELICOPTER VALUES('31027c66-43b9-48b5-9826-5c97148cc72a','Thunder','Non-Apache',5,'e2d84ecb-5a85-433a-9bb2-2f52d61a5e00')
INSERT INTO HELICOPTER VALUES('3365c380-8da8-4afe-b4c5-aff0f534532c','Breeze','Apache',3,'e2d84ecb-5a85-433a-9bb2-2f52d61a5e00')
INSERT INTO HELICOPTER VALUES('3bbbaf31-03a4-4d94-83c0-862af238cae5','Breeze','Apache',3,'e2d84ecb-5a85-433a-9bb2-2f52d61a5e00')
INSERT INTO HELICOPTER VALUES('3ed96971-3635-4b92-9420-a5fefeb4a51b','Breeze','Apache',3,'e2d84ecb-5a85-433a-9bb2-2f52d61a5e00')
INSERT INTO HELICOPTER VALUES('6c98ab2b-e3c2-425c-98df-b835fc2c9585','Breeze','Apache',3,'e2d84ecb-5a85-433a-9bb2-2f52d61a5e00')
INSERT INTO HELICOPTER VALUES('70734eb2-7987-44f0-a75e-794d5946b8c9','Clanger','Non-Apache',5,'e2d84ecb-5a85-433a-9bb2-2f52d61a5e00')
INSERT INTO HELICOPTER VALUES('708c4f51-4b27-4c74-b1bc-039ae5772508','Thunder','Non-Apache',5,'e2d84ecb-5a85-433a-9bb2-2f52d61a5e00')
INSERT INTO HELICOPTER VALUES('8e8c5a28-329b-40a5-a01d-95eef0bddb7f','Banger','Apache',3,'e2d84ecb-5a85-433a-9bb2-2f52d61a5e00')
INSERT INTO HELICOPTER VALUES('a683d6cc-48cf-400b-8fc1-f54d5b061088','Banger','Apache',3,'e2d84ecb-5a85-433a-9bb2-2f52d61a5e00')
INSERT INTO HELICOPTER VALUES('e97fd836-e11d-40d7-a989-50b091005bba','Thunder','Non-Apache',5,'e2d84ecb-5a85-433a-9bb2-2f52d61a5e00')
COMMIT
DISCONNECT
/*C140*/SET SCHEMA PUBLIC
INSERT INTO HELICOPTER VALUES('8b4d8929-34f7-49e6-8681-89ddc3fafc8e','Clanger','Non-Apache',5,NULL)
COMMIT
DISCONNECT
/*C141*/SET SCHEMA PUBLIC
DELETE FROM HELICOPTER WHERE ID='04f5d89a-adf0-4aec-b999-16e2b1c048b4'
DELETE FROM HELICOPTER WHERE ID='125a206e-7cf1-4d98-8253-4ec3dcd126c6'
DELETE FROM HELICOPTER WHERE ID='31027c66-43b9-48b5-9826-5c97148cc72a'
DELETE FROM HELICOPTER WHERE ID='3365c380-8da8-4afe-b4c5-aff0f534532c'
DELETE FROM HELICOPTER WHERE ID='3bbbaf31-03a4-4d94-83c0-862af238cae5'
DELETE FROM HELICOPTER WHERE ID='3ed96971-3635-4b92-9420-a5fefeb4a51b'
DELETE FROM HELICOPTER WHERE ID='6c98ab2b-e3c2-425c-98df-b835fc2c9585'
DELETE FROM HELICOPTER WHERE ID='70734eb2-7987-44f0-a75e-794d5946b8c9'
DELETE FROM HELICOPTER WHERE ID='708c4f51-4b27-4c74-b1bc-039ae5772508'
DELETE FROM HELICOPTER WHERE ID='8b4d8929-34f7-49e6-8681-89ddc3fafc8e'
DELETE FROM HELICOPTER WHERE ID='8e8c5a28-329b-40a5-a01d-95eef0bddb7f'
DELETE FROM HELICOPTER WHERE ID='a683d6cc-48cf-400b-8fc1-f54d5b061088'
DELETE FROM HELICOPTER WHERE ID='e97fd836-e11d-40d7-a989-50b091005bba'
INSERT INTO HELICOPTER VALUES('04f5d89a-adf0-4aec-b999-16e2b1c048b4','Banger','Apache',3,'e2d84ecb-5a85-433a-9bb2-2f52d61a5e00')
INSERT INTO HELICOPTER VALUES('125a206e-7cf1-4d98-8253-4ec3dcd126c6','Clanger','Non-Apache',5,'e2d84ecb-5a85-433a-9bb2-2f52d61a5e00')
INSERT INTO HELICOPTER VALUES('31027c66-43b9-48b5-9826-5c97148cc72a','Thunder','Non-Apache',5,'e2d84ecb-5a85-433a-9bb2-2f52d61a5e00')
INSERT INTO HELICOPTER VALUES('3365c380-8da8-4afe-b4c5-aff0f534532c','Breeze','Apache',3,'e2d84ecb-5a85-433a-9bb2-2f52d61a5e00')
INSERT INTO HELICOPTER VALUES('3bbbaf31-03a4-4d94-83c0-862af238cae5','Breeze','Apache',3,'e2d84ecb-5a85-433a-9bb2-2f52d61a5e00')
INSERT INTO HELICOPTER VALUES('3ed96971-3635-4b92-9420-a5fefeb4a51b','Breeze','Apache',3,'e2d84ecb-5a85-433a-9bb2-2f52d61a5e00')
INSERT INTO HELICOPTER VALUES('6c98ab2b-e3c2-425c-98df-b835fc2c9585','Breeze','Apache',3,'e2d84ecb-5a85-433a-9bb2-2f52d61a5e00')
INSERT INTO HELICOPTER VALUES('70734eb2-7987-44f0-a75e-794d5946b8c9','Clanger','Non-Apache',5,'e2d84ecb-5a85-433a-9bb2-2f52d61a5e00')
INSERT INTO HELICOPTER VALUES('708c4f51-4b27-4c74-b1bc-039ae5772508','Thunder','Non-Apache',5,'e2d84ecb-5a85-433a-9bb2-2f52d61a5e00')
INSERT INTO HELICOPTER VALUES('8b4d8929-34f7-49e6-8681-89ddc3fafc8e','Clanger','Non-Apache',5,'e2d84ecb-5a85-433a-9bb2-2f52d61a5e00')
INSERT INTO HELICOPTER VALUES('8e8c5a28-329b-40a5-a01d-95eef0bddb7f','Banger','Apache',3,'e2d84ecb-5a85-433a-9bb2-2f52d61a5e00')
INSERT INTO HELICOPTER VALUES('a683d6cc-48cf-400b-8fc1-f54d5b061088','Banger','Apache',3,'e2d84ecb-5a85-433a-9bb2-2f52d61a5e00')
INSERT INTO HELICOPTER VALUES('e97fd836-e11d-40d7-a989-50b091005bba','Thunder','Non-Apache',5,'e2d84ecb-5a85-433a-9bb2-2f52d61a5e00')
COMMIT
DISCONNECT
/*C142*/SET SCHEMA PUBLIC
DISCONNECT
/*C143*/SET SCHEMA PUBLIC
DISCONNECT
/*C144*/SET SCHEMA PUBLIC
DISCONNECT
/*C145*/SET SCHEMA PUBLIC
DISCONNECT
/*C146*/SET SCHEMA PUBLIC
DISCONNECT
/*C147*/SET SCHEMA PUBLIC
DISCONNECT
/*C148*/SET SCHEMA PUBLIC
DISCONNECT
/*C149*/SET SCHEMA PUBLIC
DISCONNECT
/*C150*/SET SCHEMA PUBLIC
DISCONNECT
/*C151*/SET SCHEMA PUBLIC
DISCONNECT
/*C152*/SET SCHEMA PUBLIC
INSERT INTO PILOT VALUES('a5e90d98-ec42-4889-be61-2133f9777990','Harvey',1,10)
COMMIT
DISCONNECT
/*C153*/SET SCHEMA PUBLIC
INSERT INTO HELICOPTER VALUES('7e441db9-684c-4e4f-aeaa-59408b57c146','Banger','Apache',3,NULL)
COMMIT
DISCONNECT
/*C154*/SET SCHEMA PUBLIC
DELETE FROM HELICOPTER WHERE ID='7e441db9-684c-4e4f-aeaa-59408b57c146'
INSERT INTO HELICOPTER VALUES('7e441db9-684c-4e4f-aeaa-59408b57c146','Banger','Apache',3,'a5e90d98-ec42-4889-be61-2133f9777990')
COMMIT
DISCONNECT
/*C155*/SET SCHEMA PUBLIC
INSERT INTO HELICOPTER VALUES('92e8f8c8-ab95-436f-8b26-90361b7de01e','Clanger','Non-Apache',5,NULL)
COMMIT
DISCONNECT
/*C156*/SET SCHEMA PUBLIC
DELETE FROM HELICOPTER WHERE ID='92e8f8c8-ab95-436f-8b26-90361b7de01e'
INSERT INTO HELICOPTER VALUES('92e8f8c8-ab95-436f-8b26-90361b7de01e','Clanger','Non-Apache',5,'a5e90d98-ec42-4889-be61-2133f9777990')
COMMIT
DISCONNECT
/*C157*/SET SCHEMA PUBLIC
DISCONNECT
/*C158*/SET SCHEMA PUBLIC
DISCONNECT
/*C159*/SET SCHEMA PUBLIC
DISCONNECT
/*C160*/SET SCHEMA PUBLIC
DISCONNECT
/*C162*/SET SCHEMA PUBLIC
DISCONNECT
/*C161*/SET SCHEMA PUBLIC
DISCONNECT
/*C163*/SET SCHEMA PUBLIC
DISCONNECT
/*C164*/SET SCHEMA PUBLIC
DISCONNECT
/*C165*/SET SCHEMA PUBLIC
DISCONNECT
/*C166*/SET SCHEMA PUBLIC
DISCONNECT
/*C167*/SET SCHEMA PUBLIC
DISCONNECT
/*C168*/SET SCHEMA PUBLIC
DISCONNECT
/*C170*/SET SCHEMA PUBLIC
DISCONNECT
/*C169*/SET SCHEMA PUBLIC
DISCONNECT
/*C171*/SET SCHEMA PUBLIC
DISCONNECT
/*C172*/SET SCHEMA PUBLIC
DISCONNECT
/*C173*/SET SCHEMA PUBLIC
DISCONNECT
/*C174*/SET SCHEMA PUBLIC
DISCONNECT
/*C175*/SET SCHEMA PUBLIC
DISCONNECT
/*C176*/SET SCHEMA PUBLIC
DISCONNECT
/*C12*/DELETE FROM PILOT WHERE ID='20916c12-d47f-4c58-a697-480e34876f4a'
DELETE FROM PILOT WHERE ID='3a4bfe7a-6440-4f3e-a5ce-dfb78ca3f973'
DELETE FROM PILOT WHERE ID='3ac72245-5eef-44bb-a370-7be4ce98d950'
DELETE FROM PILOT WHERE ID='3f3b26f1-d381-428f-affd-44e965f5c615'
DELETE FROM HELICOPTER WHERE ID='04f5d89a-adf0-4aec-b999-16e2b1c048b4'
DELETE FROM HELICOPTER WHERE ID='125a206e-7cf1-4d98-8253-4ec3dcd126c6'
DELETE FROM HELICOPTER WHERE ID='31027c66-43b9-48b5-9826-5c97148cc72a'
DELETE FROM HELICOPTER WHERE ID='3365c380-8da8-4afe-b4c5-aff0f534532c'
DELETE FROM HELICOPTER WHERE ID='3bbbaf31-03a4-4d94-83c0-862af238cae5'
DELETE FROM HELICOPTER WHERE ID='3ed96971-3635-4b92-9420-a5fefeb4a51b'
DELETE FROM HELICOPTER WHERE ID='6c98ab2b-e3c2-425c-98df-b835fc2c9585'
DELETE FROM HELICOPTER WHERE ID='70734eb2-7987-44f0-a75e-794d5946b8c9'
DELETE FROM HELICOPTER WHERE ID='708c4f51-4b27-4c74-b1bc-039ae5772508'
DELETE FROM HELICOPTER WHERE ID='7e441db9-684c-4e4f-aeaa-59408b57c146'
DELETE FROM HELICOPTER WHERE ID='8b4d8929-34f7-49e6-8681-89ddc3fafc8e'
DELETE FROM HELICOPTER WHERE ID='8e8c5a28-329b-40a5-a01d-95eef0bddb7f'
DELETE FROM HELICOPTER WHERE ID='92e8f8c8-ab95-436f-8b26-90361b7de01e'
DELETE FROM HELICOPTER WHERE ID='a683d6cc-48cf-400b-8fc1-f54d5b061088'
DELETE FROM HELICOPTER WHERE ID='e97fd836-e11d-40d7-a989-50b091005bba'
COMMIT
/*C177*/SET SCHEMA PUBLIC
DISCONNECT
/*C12*/DELETE FROM PILOT WHERE ID='a5e90d98-ec42-4889-be61-2133f9777990'
DELETE FROM PILOT WHERE ID='b31c3812-abfa-402e-b481-cfdbe11073c7'
DELETE FROM PILOT WHERE ID='d236172e-99a5-49a8-be32-9ded5fb74e13'
DELETE FROM PILOT WHERE ID='d6db237f-4d40-4bbc-b967-7e365dd5fe42'
DELETE FROM PILOT WHERE ID='e2d84ecb-5a85-433a-9bb2-2f52d61a5e00'
COMMIT
/*C178*/SET SCHEMA PUBLIC
DISCONNECT
/*C179*/SET SCHEMA PUBLIC
INSERT INTO PILOT VALUES('a08bb9fd-a609-4926-9dd9-37ba9116b7aa','Harvey',1,10)
COMMIT
DISCONNECT
/*C180*/SET SCHEMA PUBLIC
INSERT INTO HELICOPTER VALUES('c6f39305-131e-4502-abdf-10b4271e1e6e','Banger','Apache',3,NULL)
COMMIT
DISCONNECT
/*C181*/SET SCHEMA PUBLIC
DELETE FROM HELICOPTER WHERE ID='c6f39305-131e-4502-abdf-10b4271e1e6e'
INSERT INTO HELICOPTER VALUES('c6f39305-131e-4502-abdf-10b4271e1e6e','Banger','Apache',3,'a08bb9fd-a609-4926-9dd9-37ba9116b7aa')
COMMIT
DISCONNECT
/*C182*/SET SCHEMA PUBLIC
INSERT INTO HELICOPTER VALUES('38cd6b2c-3def-43e6-8507-c9a2711e4bd0','Clanger','Non-Apache',5,NULL)
COMMIT
DISCONNECT
/*C183*/SET SCHEMA PUBLIC
DELETE FROM HELICOPTER WHERE ID='38cd6b2c-3def-43e6-8507-c9a2711e4bd0'
INSERT INTO HELICOPTER VALUES('38cd6b2c-3def-43e6-8507-c9a2711e4bd0','Clanger','Non-Apache',5,'a08bb9fd-a609-4926-9dd9-37ba9116b7aa')
COMMIT
DISCONNECT
/*C184*/SET SCHEMA PUBLIC
INSERT INTO HELICOPTER VALUES('5d2872e7-c8f7-4f0d-8f19-c6b7b639af79','Breeze','Apache',3,NULL)
COMMIT
DISCONNECT
/*C185*/SET SCHEMA PUBLIC
DISCONNECT
/*C186*/SET SCHEMA PUBLIC
INSERT INTO PILOT VALUES('6c13b389-c449-4b0a-85c1-b8a8297f384c','Adam',10,1)
COMMIT
DISCONNECT
/*C187*/SET SCHEMA PUBLIC
DISCONNECT
/*C188*/SET SCHEMA PUBLIC
DISCONNECT
/*C190*/SET SCHEMA PUBLIC
DISCONNECT
/*C189*/SET SCHEMA PUBLIC
DISCONNECT
/*C191*/SET SCHEMA PUBLIC
DISCONNECT
/*C192*/SET SCHEMA PUBLIC
DISCONNECT
/*C193*/SET SCHEMA PUBLIC
DISCONNECT
/*C194*/SET SCHEMA PUBLIC
DISCONNECT
/*C196*/SET SCHEMA PUBLIC
DISCONNECT
/*C195*/SET SCHEMA PUBLIC
DISCONNECT
/*C12*/DELETE FROM HELICOPTER WHERE ID='38cd6b2c-3def-43e6-8507-c9a2711e4bd0'
DELETE FROM HELICOPTER WHERE ID='5d2872e7-c8f7-4f0d-8f19-c6b7b639af79'
DELETE FROM HELICOPTER WHERE ID='c6f39305-131e-4502-abdf-10b4271e1e6e'
COMMIT
/*C197*/SET SCHEMA PUBLIC
DISCONNECT
/*C12*/DELETE FROM PILOT WHERE ID='6c13b389-c449-4b0a-85c1-b8a8297f384c'
DELETE FROM PILOT WHERE ID='a08bb9fd-a609-4926-9dd9-37ba9116b7aa'
COMMIT
/*C198*/SET SCHEMA PUBLIC
DISCONNECT
/*C199*/SET SCHEMA PUBLIC
INSERT INTO PILOT VALUES('f1757f1c-318c-47b7-ae0a-69a8d7e6faf1','Harvey',1,10)
COMMIT
DISCONNECT
/*C200*/SET SCHEMA PUBLIC
INSERT INTO HELICOPTER VALUES('06388d56-31b9-4dae-ae59-35aeb54419a1','Banger','Apache',3,NULL)
COMMIT
DISCONNECT
/*C201*/SET SCHEMA PUBLIC
DELETE FROM HELICOPTER WHERE ID='06388d56-31b9-4dae-ae59-35aeb54419a1'
INSERT INTO HELICOPTER VALUES('06388d56-31b9-4dae-ae59-35aeb54419a1','Banger','Apache',3,'f1757f1c-318c-47b7-ae0a-69a8d7e6faf1')
COMMIT
DISCONNECT
/*C202*/SET SCHEMA PUBLIC
INSERT INTO HELICOPTER VALUES('e60a41cb-1f0a-4bfa-85dd-2657708f1a41','Clanger','Non-Apache',5,NULL)
COMMIT
DISCONNECT
/*C203*/SET SCHEMA PUBLIC
DELETE FROM HELICOPTER WHERE ID='e60a41cb-1f0a-4bfa-85dd-2657708f1a41'
INSERT INTO HELICOPTER VALUES('e60a41cb-1f0a-4bfa-85dd-2657708f1a41','Clanger','Non-Apache',5,'f1757f1c-318c-47b7-ae0a-69a8d7e6faf1')
COMMIT
DISCONNECT
/*C204*/SET SCHEMA PUBLIC
INSERT INTO PILOT VALUES('052d9ccf-d1ed-4c6c-a379-9606647d76ad','Levi',100,1)
COMMIT
DISCONNECT
/*C205*/SET SCHEMA PUBLIC
INSERT INTO HELICOPTER VALUES('034c2651-afdb-4380-a29d-9ee84865f7f9','Breeze','Apache',3,NULL)
COMMIT
DISCONNECT
/*C206*/SET SCHEMA PUBLIC
DELETE FROM HELICOPTER WHERE ID='034c2651-afdb-4380-a29d-9ee84865f7f9'
INSERT INTO HELICOPTER VALUES('034c2651-afdb-4380-a29d-9ee84865f7f9','Breeze','Apache',3,'052d9ccf-d1ed-4c6c-a379-9606647d76ad')
COMMIT
DISCONNECT
/*C207*/SET SCHEMA PUBLIC
INSERT INTO HELICOPTER VALUES('3ac2ed9f-abf1-41ec-8b5f-c50198e1fd04','Thunder','Non-Apache',5,NULL)
COMMIT
DISCONNECT
/*C208*/SET SCHEMA PUBLIC
DELETE FROM HELICOPTER WHERE ID='3ac2ed9f-abf1-41ec-8b5f-c50198e1fd04'
INSERT INTO HELICOPTER VALUES('3ac2ed9f-abf1-41ec-8b5f-c50198e1fd04','Thunder','Non-Apache',5,'052d9ccf-d1ed-4c6c-a379-9606647d76ad')
COMMIT
DISCONNECT
/*C209*/SET SCHEMA PUBLIC
INSERT INTO PILOT VALUES('b175e2aa-1766-4062-a4a4-ac2bdf3b97fe','Adam',10,1)
COMMIT
DISCONNECT
/*C210*/SET SCHEMA PUBLIC
DISCONNECT
/*C211*/SET SCHEMA PUBLIC
DISCONNECT
/*C212*/SET SCHEMA PUBLIC
DISCONNECT
/*C213*/SET SCHEMA PUBLIC
DISCONNECT
/*C215*/SET SCHEMA PUBLIC
DISCONNECT
/*C214*/SET SCHEMA PUBLIC
DISCONNECT
/*C216*/SET SCHEMA PUBLIC
DISCONNECT
/*C217*/SET SCHEMA PUBLIC
DISCONNECT
/*C218*/SET SCHEMA PUBLIC
DISCONNECT
/*C219*/SET SCHEMA PUBLIC
DISCONNECT
/*C220*/SET SCHEMA PUBLIC
INSERT INTO PILOT VALUES('1ee362e0-932d-4bf3-863e-cf6168898603','Harvey',1,10)
COMMIT
DISCONNECT
/*C221*/SET SCHEMA PUBLIC
INSERT INTO HELICOPTER VALUES('7a4eb020-ef5e-4520-9d16-8876a5a4fd33','Banger','Apache',3,NULL)
COMMIT
DISCONNECT
/*C222*/SET SCHEMA PUBLIC
DELETE FROM HELICOPTER WHERE ID='7a4eb020-ef5e-4520-9d16-8876a5a4fd33'
INSERT INTO HELICOPTER VALUES('7a4eb020-ef5e-4520-9d16-8876a5a4fd33','Banger','Apache',3,'1ee362e0-932d-4bf3-863e-cf6168898603')
COMMIT
DISCONNECT
/*C223*/SET SCHEMA PUBLIC
INSERT INTO HELICOPTER VALUES('2aeb8b4f-7dee-4336-b248-b2079ce0fe8f','Clanger','Non-Apache',5,NULL)
COMMIT
DISCONNECT
/*C224*/SET SCHEMA PUBLIC
DELETE FROM HELICOPTER WHERE ID='2aeb8b4f-7dee-4336-b248-b2079ce0fe8f'
INSERT INTO HELICOPTER VALUES('2aeb8b4f-7dee-4336-b248-b2079ce0fe8f','Clanger','Non-Apache',5,'1ee362e0-932d-4bf3-863e-cf6168898603')
COMMIT
DISCONNECT
/*C225*/SET SCHEMA PUBLIC
INSERT INTO PILOT VALUES('f18872fb-4dec-4607-86ad-dc6d657d00f0','Levi',100,1)
COMMIT
DISCONNECT
/*C226*/SET SCHEMA PUBLIC
INSERT INTO HELICOPTER VALUES('63ed34ae-70e8-494f-8772-f78e02039ed6','Breeze','Apache',3,NULL)
COMMIT
DISCONNECT
/*C227*/SET SCHEMA PUBLIC
DELETE FROM HELICOPTER WHERE ID='63ed34ae-70e8-494f-8772-f78e02039ed6'
INSERT INTO HELICOPTER VALUES('63ed34ae-70e8-494f-8772-f78e02039ed6','Breeze','Apache',3,'f18872fb-4dec-4607-86ad-dc6d657d00f0')
COMMIT
DISCONNECT
/*C228*/SET SCHEMA PUBLIC
INSERT INTO HELICOPTER VALUES('30f4a12d-9627-4578-98f3-b15fcfaea2dc','Thunder','Non-Apache',5,NULL)
COMMIT
DISCONNECT
/*C229*/SET SCHEMA PUBLIC
DELETE FROM HELICOPTER WHERE ID='30f4a12d-9627-4578-98f3-b15fcfaea2dc'
INSERT INTO HELICOPTER VALUES('30f4a12d-9627-4578-98f3-b15fcfaea2dc','Thunder','Non-Apache',5,'f18872fb-4dec-4607-86ad-dc6d657d00f0')
COMMIT
DISCONNECT
/*C230*/SET SCHEMA PUBLIC
INSERT INTO PILOT VALUES('2c04991a-abaf-4302-8a8c-2d43e17ef661','Adam',10,1)
COMMIT
DISCONNECT
